mode: set
/__w/awesome-go/awesome-go/main.go:58.13,59.42 1 0
/__w/awesome-go/awesome-go/main.go:59.42,60.13 1 0
/__w/awesome-go/awesome-go/main.go:64.30,65.46 1 0
/__w/awesome-go/awesome-go/main.go:65.46,67.3 1 0
/__w/awesome-go/awesome-go/main.go:69.2,69.62 1 0
/__w/awesome-go/awesome-go/main.go:69.62,71.3 1 0
/__w/awesome-go/awesome-go/main.go:73.2,74.16 2 0
/__w/awesome-go/awesome-go/main.go:74.16,76.3 1 0
/__w/awesome-go/awesome-go/main.go:78.2,79.16 2 0
/__w/awesome-go/awesome-go/main.go:79.16,81.3 1 0
/__w/awesome-go/awesome-go/main.go:83.2,84.16 2 0
/__w/awesome-go/awesome-go/main.go:84.16,86.3 1 0
/__w/awesome-go/awesome-go/main.go:88.2,88.53 1 0
/__w/awesome-go/awesome-go/main.go:88.53,90.3 1 0
/__w/awesome-go/awesome-go/main.go:92.2,92.61 1 0
/__w/awesome-go/awesome-go/main.go:92.61,94.3 1 0
/__w/awesome-go/awesome-go/main.go:96.2,96.50 1 0
/__w/awesome-go/awesome-go/main.go:96.50,98.3 1 0
/__w/awesome-go/awesome-go/main.go:100.2,100.42 1 0
/__w/awesome-go/awesome-go/main.go:100.42,103.59 3 0
/__w/awesome-go/awesome-go/main.go:103.59,105.4 1 0
/__w/awesome-go/awesome-go/main.go:108.2,108.12 1 0
/__w/awesome-go/awesome-go/main.go:112.38,113.42 1 0
/__w/awesome-go/awesome-go/main.go:113.42,115.3 1 0
/__w/awesome-go/awesome-go/main.go:117.2,117.38 1 0
/__w/awesome-go/awesome-go/main.go:117.38,119.3 1 0
/__w/awesome-go/awesome-go/main.go:121.2,121.12 1 0
/__w/awesome-go/awesome-go/main.go:124.34,127.16 2 1
/__w/awesome-go/awesome-go/main.go:127.16,129.3 1 0
/__w/awesome-go/awesome-go/main.go:132.2,132.25 1 1
/__w/awesome-go/awesome-go/main.go:132.25,134.3 1 0
/__w/awesome-go/awesome-go/main.go:137.2,137.48 1 1
/__w/awesome-go/awesome-go/main.go:137.48,139.3 1 0
/__w/awesome-go/awesome-go/main.go:141.2,141.12 1 1
/__w/awesome-go/awesome-go/main.go:144.61,145.38 1 0
/__w/awesome-go/awesome-go/main.go:145.38,147.47 2 0
/__w/awesome-go/awesome-go/main.go:147.47,149.4 1 0
/__w/awesome-go/awesome-go/main.go:152.3,156.87 4 0
/__w/awesome-go/awesome-go/main.go:156.87,158.4 1 0
/__w/awesome-go/awesome-go/main.go:162.3,164.18 2 0
/__w/awesome-go/awesome-go/main.go:164.18,166.5 1 0
/__w/awesome-go/awesome-go/main.go:168.4,169.18 2 0
/__w/awesome-go/awesome-go/main.go:169.18,171.5 1 0
/__w/awesome-go/awesome-go/main.go:173.4,173.82 1 0
/__w/awesome-go/awesome-go/main.go:173.82,175.5 1 0
/__w/awesome-go/awesome-go/main.go:179.2,179.12 1 0
/__w/awesome-go/awesome-go/main.go:182.58,184.16 2 0
/__w/awesome-go/awesome-go/main.go:184.16,186.3 1 0
/__w/awesome-go/awesome-go/main.go:188.2,190.78 2 0
/__w/awesome-go/awesome-go/main.go:190.78,192.3 1 0
/__w/awesome-go/awesome-go/main.go:194.2,194.12 1 0
/__w/awesome-go/awesome-go/main.go:197.76,205.60 3 0
/__w/awesome-go/awesome-go/main.go:205.60,206.22 1 0
/__w/awesome-go/awesome-go/main.go:206.22,208.5 1 0
/__w/awesome-go/awesome-go/main.go:210.4,212.58 1 0
/__w/awesome-go/awesome-go/main.go:212.58,214.17 2 0
/__w/awesome-go/awesome-go/main.go:214.17,216.7 1 0
/__w/awesome-go/awesome-go/main.go:218.6,219.20 2 0
/__w/awesome-go/awesome-go/main.go:219.20,222.7 2 0
/__w/awesome-go/awesome-go/main.go:224.6,226.17 2 0
/__w/awesome-go/awesome-go/main.go:229.4,229.15 1 0
/__w/awesome-go/awesome-go/main.go:232.2,232.20 1 0
/__w/awesome-go/awesome-go/main.go:232.20,234.3 1 0
/__w/awesome-go/awesome-go/main.go:236.2,236.24 1 0
/__w/awesome-go/awesome-go/main.go:239.81,243.85 3 0
/__w/awesome-go/awesome-go/main.go:243.85,251.60 4 0
/__w/awesome-go/awesome-go/main.go:251.60,262.4 4 0
/__w/awesome-go/awesome-go/main.go:265.3,265.22 1 0
/__w/awesome-go/awesome-go/main.go:265.22,268.4 2 0
/__w/awesome-go/awesome-go/main.go:270.3,277.14 2 0
/__w/awesome-go/awesome-go/main.go:280.2,280.16 1 0
/__w/awesome-go/awesome-go/main.go:280.16,282.3 1 0
/__w/awesome-go/awesome-go/main.go:284.2,284.23 1 0
/__w/awesome-go/awesome-go/main.go:287.87,291.56 2 0
/__w/awesome-go/awesome-go/main.go:291.56,293.19 2 0
/__w/awesome-go/awesome-go/main.go:293.19,297.5 1 0
/__w/awesome-go/awesome-go/main.go:300.4,301.18 2 0
/__w/awesome-go/awesome-go/main.go:301.18,303.5 1 0
/__w/awesome-go/awesome-go/main.go:305.4,306.18 2 0
/__w/awesome-go/awesome-go/main.go:306.18,309.5 2 0
/__w/awesome-go/awesome-go/main.go:311.4,311.64 1 0
/__w/awesome-go/awesome-go/main.go:311.64,313.5 1 0
/__w/awesome-go/awesome-go/main.go:315.4,315.15 1 0
/__w/awesome-go/awesome-go/main.go:318.2,318.20 1 0
/__w/awesome-go/awesome-go/main.go:318.20,320.3 1 0
/__w/awesome-go/awesome-go/main.go:322.2,324.16 3 0
/__w/awesome-go/awesome-go/main.go:324.16,326.3 1 0
/__w/awesome-go/awesome-go/main.go:328.2,328.77 1 0
/__w/awesome-go/awesome-go/main.go:328.77,330.3 1 0
/__w/awesome-go/awesome-go/main.go:332.2,332.12 1 0
/__w/awesome-go/awesome-go/main.go:336.57,338.16 2 1
/__w/awesome-go/awesome-go/main.go:338.16,340.3 1 0
/__w/awesome-go/awesome-go/main.go:342.2,343.16 2 1
/__w/awesome-go/awesome-go/main.go:343.16,345.3 1 0
/__w/awesome-go/awesome-go/main.go:347.2,348.16 2 1
/__w/awesome-go/awesome-go/main.go:348.16,350.3 1 0
/__w/awesome-go/awesome-go/main.go:352.2,356.71 3 1
/__w/awesome-go/awesome-go/main.go:356.71,358.3 1 0
/__w/awesome-go/awesome-go/main.go:360.2,360.34 1 1
/__w/awesome-go/awesome-go/main.go:360.34,362.3 1 0
/__w/awesome-go/awesome-go/main.go:364.2,364.12 1 1
